  main.cpp
C:\Users\dorra\source\repos\Raycaster\Raycaster\minotaur.h(14,14): warning C4305: 'initializing': truncation from 'double' to 'float'
C:\Users\dorra\source\repos\Raycaster\Raycaster\minotaur.h(21,36): warning C4244: 'initializing': conversion from 'int' to 'float', possible loss of data
C:\Users\dorra\source\repos\Raycaster\Raycaster\minotaur.h(21,53): warning C4244: 'initializing': conversion from 'int' to 'float', possible loss of data
C:\Users\dorra\source\repos\Raycaster\Raycaster\minotaur.h(28,45): warning C4244: 'argument': conversion from 'int' to 'T', possible loss of data
          with
          [
              T=float
          ]
C:\Users\dorra\source\repos\Raycaster\Raycaster\minotaur.h(28,30): warning C4244: 'argument': conversion from 'int' to 'T', possible loss of data
          with
          [
              T=float
          ]
C:\Users\dorra\source\repos\Raycaster\Raycaster\map.h(54,42): warning C4305: 'initializing': truncation from 'double' to 'const float'
C:\Users\dorra\source\repos\Raycaster\Raycaster\map.h(57,39): warning C4305: 'initializing': truncation from 'double' to 'const float'
C:\Users\dorra\source\repos\Raycaster\Raycaster\main.cpp(11,35): warning C4305: 'initializing': truncation from 'double' to 'const float'
  map.cpp
C:\Users\dorra\source\repos\Raycaster\Raycaster\minotaur.h(14,14): warning C4305: 'initializing': truncation from 'double' to 'float'
C:\Users\dorra\source\repos\Raycaster\Raycaster\minotaur.h(21,36): warning C4244: 'initializing': conversion from 'int' to 'float', possible loss of data
C:\Users\dorra\source\repos\Raycaster\Raycaster\minotaur.h(21,53): warning C4244: 'initializing': conversion from 'int' to 'float', possible loss of data
C:\Users\dorra\source\repos\Raycaster\Raycaster\minotaur.h(28,45): warning C4244: 'argument': conversion from 'int' to 'T', possible loss of data
          with
          [
              T=float
          ]
C:\Users\dorra\source\repos\Raycaster\Raycaster\minotaur.h(28,30): warning C4244: 'argument': conversion from 'int' to 'T', possible loss of data
          with
          [
              T=float
          ]
C:\Users\dorra\source\repos\Raycaster\Raycaster\map.h(54,42): warning C4305: 'initializing': truncation from 'double' to 'const float'
C:\Users\dorra\source\repos\Raycaster\Raycaster\map.h(57,39): warning C4305: 'initializing': truncation from 'double' to 'const float'
C:\Users\dorra\source\repos\Raycaster\Raycaster\map.cpp(15,10): warning C4244: 'initializing': conversion from 'float' to 'int', possible loss of data
C:\Users\dorra\source\repos\Raycaster\Raycaster\map.cpp(15,43): warning C4244: 'initializing': conversion from 'float' to 'int', possible loss of data
C:\Users\dorra\source\repos\Raycaster\Raycaster\map.cpp(15,83): warning C4244: 'initializing': conversion from 'float' to 'int', possible loss of data
C:\Users\dorra\source\repos\Raycaster\Raycaster\map.cpp(16,10): warning C4244: 'initializing': conversion from 'float' to 'int', possible loss of data
C:\Users\dorra\source\repos\Raycaster\Raycaster\map.cpp(16,43): warning C4244: 'initializing': conversion from 'float' to 'int', possible loss of data
C:\Users\dorra\source\repos\Raycaster\Raycaster\map.cpp(16,83): warning C4244: 'initializing': conversion from 'float' to 'int', possible loss of data
C:\Users\dorra\source\repos\Raycaster\Raycaster\map.cpp(30,66): warning C4305: 'argument': truncation from 'double' to 'float'
C:\Users\dorra\source\repos\Raycaster\Raycaster\map.cpp(31,65): warning C4305: 'argument': truncation from 'double' to 'float'
C:\Users\dorra\source\repos\Raycaster\Raycaster\map.cpp(123,17): warning C4305: 'argument': truncation from 'double' to 'float'
C:\Users\dorra\source\repos\Raycaster\Raycaster\map.cpp(135,50): warning C4244: 'argument': conversion from 'int' to 'float', possible loss of data
C:\Users\dorra\source\repos\Raycaster\Raycaster\map.cpp(136,50): warning C4244: 'argument': conversion from 'int' to 'float', possible loss of data
C:\Users\dorra\source\repos\Raycaster\Raycaster\map.cpp(160,22): warning C4244: 'argument': conversion from 'int' to 'float', possible loss of data
C:\Users\dorra\source\repos\Raycaster\Raycaster\map.cpp(160,18): warning C4244: 'argument': conversion from 'int' to 'float', possible loss of data
C:\Users\dorra\source\repos\Raycaster\Raycaster\map.cpp(161,42): warning C4244: 'argument': conversion from 'int' to 'T', possible loss of data
          with
          [
              T=float
          ]
C:\Users\dorra\source\repos\Raycaster\Raycaster\map.cpp(161,32): warning C4244: 'argument': conversion from 'int' to 'T', possible loss of data
          with
          [
              T=float
          ]
C:\Users\dorra\source\repos\Raycaster\Raycaster\map.cpp(233,13): warning C4101: 'my': unreferenced local variable
C:\Users\dorra\source\repos\Raycaster\Raycaster\map.cpp(233,9): warning C4101: 'mx': unreferenced local variable
C:\Users\dorra\source\repos\Raycaster\Raycaster\map.cpp(233,17): warning C4101: 'mp': unreferenced local variable
C:\Users\dorra\source\repos\Raycaster\Raycaster\map.cpp(304,39): warning C4244: 'argument': conversion from 'int' to 'T', possible loss of data
          with
          [
              T=float
          ]
C:\Users\dorra\source\repos\Raycaster\Raycaster\map.cpp(305,52): warning C4244: 'argument': conversion from 'int' to 'float', possible loss of data
C:\Users\dorra\source\repos\Raycaster\Raycaster\map.cpp(316,51): warning C4244: '=': conversion from 'double' to 'float', possible loss of data
C:\Users\dorra\source\repos\Raycaster\Raycaster\map.cpp(318,8): warning C4244: '=': conversion from 'int' to 'float', possible loss of data
C:\Users\dorra\source\repos\Raycaster\Raycaster\map.cpp(323,51): warning C4244: '=': conversion from 'int' to 'float', possible loss of data
C:\Users\dorra\source\repos\Raycaster\Raycaster\map.cpp(325,8): warning C4244: '=': conversion from 'int' to 'float', possible loss of data
C:\Users\dorra\source\repos\Raycaster\Raycaster\map.cpp(342,51): warning C4244: '=': conversion from 'double' to 'float', possible loss of data
C:\Users\dorra\source\repos\Raycaster\Raycaster\map.cpp(344,8): warning C4244: '=': conversion from 'int' to 'float', possible loss of data
C:\Users\dorra\source\repos\Raycaster\Raycaster\map.cpp(349,51): warning C4244: '=': conversion from 'int' to 'float', possible loss of data
C:\Users\dorra\source\repos\Raycaster\Raycaster\map.cpp(351,8): warning C4244: '=': conversion from 'int' to 'float', possible loss of data
C:\Users\dorra\source\repos\Raycaster\Raycaster\map.cpp(408,11): warning C4244: '=': conversion from 'int' to 'float', possible loss of data
C:\Users\dorra\source\repos\Raycaster\Raycaster\map.cpp(426,76): warning C4244: 'argument': conversion from 'int' to 'T', possible loss of data
          with
          [
              T=float
          ]
C:\Users\dorra\source\repos\Raycaster\Raycaster\map.cpp(426,53): warning C4244: 'argument': conversion from 'int' to 'T', possible loss of data
          with
          [
              T=float
          ]
C:\Users\dorra\source\repos\Raycaster\Raycaster\map.cpp(427,79): warning C4244: 'argument': conversion from 'int' to 'T', possible loss of data
          with
          [
              T=float
          ]
C:\Users\dorra\source\repos\Raycaster\Raycaster\map.cpp(427,56): warning C4244: 'argument': conversion from 'int' to 'T', possible loss of data
          with
          [
              T=float
          ]
C:\Users\dorra\source\repos\Raycaster\Raycaster\map.cpp(428,30): warning C4244: 'argument': conversion from 'int' to 'float', possible loss of data
C:\Users\dorra\source\repos\Raycaster\Raycaster\map.cpp(429,55): warning C4244: 'argument': conversion from 'int' to 'float', possible loss of data
C:\Users\dorra\source\repos\Raycaster\Raycaster\map.cpp(429,33): warning C4244: 'argument': conversion from 'int' to 'float', possible loss of data
  minotaur.cpp
C:\Users\dorra\source\repos\Raycaster\Raycaster\minotaur.h(14,14): warning C4305: 'initializing': truncation from 'double' to 'float'
C:\Users\dorra\source\repos\Raycaster\Raycaster\minotaur.h(21,36): warning C4244: 'initializing': conversion from 'int' to 'float', possible loss of data
C:\Users\dorra\source\repos\Raycaster\Raycaster\minotaur.h(21,53): warning C4244: 'initializing': conversion from 'int' to 'float', possible loss of data
C:\Users\dorra\source\repos\Raycaster\Raycaster\minotaur.h(28,45): warning C4244: 'argument': conversion from 'int' to 'T', possible loss of data
          with
          [
              T=float
          ]
C:\Users\dorra\source\repos\Raycaster\Raycaster\minotaur.h(28,30): warning C4244: 'argument': conversion from 'int' to 'T', possible loss of data
          with
          [
              T=float
          ]
C:\Users\dorra\source\repos\Raycaster\Raycaster\minotaur.cpp(15,25): warning C4244: '=': conversion from 'double' to 'float', possible loss of data
C:\Users\dorra\source\repos\Raycaster\Raycaster\minotaur.cpp(16,24): warning C4244: '=': conversion from 'double' to 'float', possible loss of data
C:\Users\dorra\source\repos\Raycaster\Raycaster\minotaur.cpp(26,19): warning C4305: '-=': truncation from 'double' to 'float'
C:\Users\dorra\source\repos\Raycaster\Raycaster\minotaur.cpp(82,20): warning C4244: '=': conversion from 'int' to 'float', possible loss of data
C:\Users\dorra\source\repos\Raycaster\Raycaster\minotaur.cpp(83,20): warning C4244: '=': conversion from 'int' to 'float', possible loss of data
  Generating Code...
  Raycaster.vcxproj -> C:\Users\dorra\source\repos\Raycaster\x64\Debug\Raycaster.exe
